[2012-12-07 10:48:01] START
[2012-12-07 11:44:00] EDIT tgmonitor/models/db.py: -5
[2012-12-07 11:56:26] EDIT tgmonitor/models/db.py: 0
[2012-12-07 12:09:53] EDIT tgmonitor/models/db.py: 0
[2012-12-07 12:10:29] EDIT tgmonitor/models/db.py: 0
[2012-12-07 12:12:16] EDIT tgmonitor/models/db.py: 0
[2012-12-07 16:50:11] EDIT tgmonitor/cron/crontab: 1
[2012-12-07 16:52:35] EDIT tgmonitor/cron/crontab: 0
[2012-12-07 16:54:09] EDIT tgmonitor/cron/crontab: 0
[2012-12-07 16:56:04] EDIT tgmonitor/cron/crontab: 0
[2012-12-07 16:56:07] EDIT tgmonitor/cron/crontab: 0
[2012-12-07 16:57:31] EDIT tgmonitor/cron/crontab: 0
[2012-12-07 17:06:44] EDIT tgmonitor/cron/crontab: 0
[2012-12-07 17:31:42] EDIT tgmonitor/cron/crontab: 0
[2012-12-10 10:06:22] EDIT tgmonitor/cron/crontab: 0
[2012-12-10 10:08:19] EDIT tgmonitor/cron/crontab: -1
[2012-12-10 10:34:47] EDIT tgmonitor/cron/crontab: 1
[2012-12-10 10:46:03] EDIT tgmonitor/models/db.py: 0
[2012-12-10 10:46:27] EDIT tgmonitor/cron/crontab: -1
[2012-12-10 10:52:11] EDIT tgmonitor/cron/crontab: 1
[2012-12-10 15:17:59] EDIT tgmonitor/cron/crontab: -1
[2012-12-10 15:21:41] EDIT tgmonitor/cron/crontab: 1
[2012-12-10 15:32:55] EDIT tgmonitor/cron/crontab: -1
[2012-12-10 15:58:55] EDIT tgmonitor/cron/crontab: 1
[2012-12-10 16:00:44] EDIT tgmonitor/cron/crontab: 0
[2012-12-10 16:02:36] EDIT tgmonitor/cron/crontab: -1
[2012-12-11 12:04:51] EDIT tgmonitor/models/db.py: 5
[2012-12-11 12:05:07] EDIT tgmonitor/models/db.py: 0
[2012-12-11 12:05:15] EDIT tgmonitor/models/db.py: 0
[2012-12-11 12:29:39] EDIT tgmonitor/models/db.py: 3
[2012-12-11 13:10:52] EDIT tgmonitor/models/db.py: 0
[2012-12-11 15:12:37] EDIT tgmonitor/models/db.py: 1
[2012-12-11 17:44:22] EDIT tgmonitor/controllers/default.py: 3
[2012-12-11 17:44:39] CREATE default/monitor.html: 0
[2012-12-11 17:46:38] EDIT tgmonitor/views/default/monitor.html: 1
[2012-12-11 17:48:51] EDIT tgmonitor/controllers/default.py: 0
[2012-12-11 17:49:29] EDIT tgmonitor/views/default/monitor.html: -1
[2012-12-11 17:51:33] EDIT tgmonitor/views/default/monitor.html: 1
[2012-12-11 17:53:15] EDIT tgmonitor/views/default/monitor.html: 1
[2012-12-11 17:53:49] EDIT tgmonitor/views/default/monitor.html: -1
[2012-12-11 17:54:14] EDIT tgmonitor/views/default/monitor.html: 0
[2012-12-11 17:54:46] EDIT tgmonitor/views/default/monitor.html: 0
[2012-12-11 17:59:44] EDIT tgmonitor/views/default/monitor.html: 1
[2012-12-11 18:00:45] EDIT tgmonitor/views/default/monitor.html: -1
[2012-12-11 18:00:58] EDIT tgmonitor/views/default/monitor.html: 0
[2012-12-11 18:01:21] EDIT tgmonitor/views/default/monitor.html: 2
[2012-12-11 18:01:49] EDIT tgmonitor/views/default/monitor.html: 0
[2012-12-11 18:04:45] EDIT tgmonitor/views/default/monitor.html: 0
[2012-12-11 18:05:43] EDIT tgmonitor/views/default/monitor.html: 0
[2012-12-11 18:10:16] EDIT tgmonitor/views/default/monitor.html: 20
[2012-12-11 18:13:41] EDIT tgmonitor/controllers/default.py: 4
[2012-12-11 18:13:59] EDIT tgmonitor/controllers/default.py: 0
[2012-12-11 18:15:02] EDIT tgmonitor/controllers/default.py: 0
[2012-12-11 18:15:20] EDIT tgmonitor/controllers/default.py: 0
[2012-12-11 18:19:56] EDIT tgmonitor/views/default/monitor.html: 1
[2012-12-11 18:20:19] EDIT tgmonitor/views/default/monitor.html: -1
[2012-12-11 18:21:24] EDIT tgmonitor/views/default/monitor.html: 0
[2012-12-11 18:27:46] EDIT tgmonitor/controllers/default.py: 0
[2012-12-11 18:28:15] EDIT tgmonitor/views/default/monitor.html: 0
[2012-12-11 18:28:35] EDIT tgmonitor/views/default/monitor.html: 4
[2012-12-12 15:26:58] EDIT tgmonitor/views/layout.html: 0
[2012-12-12 15:29:00] EDIT tgmonitor/views/layout.html: -4
[2012-12-12 15:29:35] EDIT tgmonitor/views/layout.html: 4
[2012-12-12 15:30:04] EDIT tgmonitor/views/layout.html: -1
[2012-12-12 15:31:17] EDIT tgmonitor/views/default/monitor.html: -2
[2012-12-12 15:32:16] EDIT tgmonitor/views/default/monitor.html: -1
[2012-12-12 15:59:19] EDIT tgmonitor/views/layout.html: 0
[2012-12-12 16:01:11] EDIT tgmonitor/views/layout.html: 0
[2012-12-12 16:12:34] EDIT tgmonitor/controllers/default.py: 3
[2012-12-12 16:12:45] CREATE config.html: 0
[2012-12-12 16:12:58] EDIT tgmonitor/views/config.html: 1
[2012-12-12 16:13:34] EDIT tgmonitor/views/config.html: 0
[2012-12-12 16:14:21] EDIT tgmonitor/views/config.html: 0
[2012-12-12 16:14:32] DELETE tgmonitor/views/config.html: -4
[2012-12-12 16:14:43] CREATE default/config.html: 0
[2012-12-12 16:14:55] EDIT tgmonitor/views/default/config.html: 1
[2012-12-12 16:15:55] EDIT tgmonitor/views/default/config.html: -1
[2012-12-12 16:16:28] EDIT tgmonitor/views/default/config.html: 0
[2012-12-12 16:33:37] EDIT tgmonitor/controllers/default.py: 1
[2012-12-12 16:43:55] EDIT tgmonitor/controllers/default.py: -5
[2012-12-12 16:44:49] EDIT tgmonitor/views/default/index.html: -28
[2012-12-12 16:46:07] EDIT tgmonitor/controllers/default.py: 0
[2012-12-12 16:46:31] EDIT tgmonitor/views/default/index.html: 0
[2012-12-12 16:46:55] EDIT tgmonitor/views/default/index.html: -1
[2012-12-12 16:52:41] EDIT tgmonitor/controllers/default.py: 9
[2012-12-12 16:53:19] EDIT tgmonitor/controllers/default.py: -1
[2012-12-12 16:53:26] EDIT tgmonitor/controllers/default.py: -4
[2012-12-12 16:59:39] EDIT tgmonitor/controllers/default.py: 0
[2012-12-13 10:02:49] EDIT tgmonitor/models/db.py: -1
[2012-12-13 10:08:04] EDIT tgmonitor/models/db.py: 0
[2012-12-13 10:21:29] EDIT tgmonitor/models/db.py: 1
[2012-12-13 10:21:53] EDIT tgmonitor/models/db.py: 0
[2012-12-13 10:22:34] EDIT tgmonitor/models/db.py: 0
[2012-12-13 10:22:55] EDIT tgmonitor/models/db.py: 0
[2012-12-13 10:52:14] EDIT tgmonitor/databases/sql.log: -3
[2012-12-13 10:53:15] EDIT tgmonitor/models/db.py: 0
[2012-12-13 10:53:51] EDIT tgmonitor/models/db.py: 0
[2012-12-13 10:55:16] EDIT tgmonitor/models/db.py: 0
[2012-12-13 11:07:07] EDIT tgmonitor/models/db.py: 0
[2012-12-13 11:07:51] EDIT tgmonitor/models/db.py: 0
[2012-12-13 11:08:13] EDIT tgmonitor/models/db.py: 0
[2012-12-13 11:27:03] EDIT tgmonitor/controllers/default.py: 4
[2012-12-13 11:28:28] EDIT tgmonitor/controllers/default.py: 0
[2012-12-13 11:29:07] EDIT tgmonitor/controllers/default.py: 0
[2012-12-13 11:41:05] EDIT tgmonitor/models/menu.py: 2
[2012-12-13 12:06:05] EDIT tgmonitor/models/menu.py: 0
[2012-12-13 12:28:50] EDIT tgmonitor/controllers/default.py: 4
[2012-12-13 12:29:20] EDIT tgmonitor/controllers/default.py: -3
[2012-12-13 12:29:47] EDIT tgmonitor/controllers/default.py: 3
[2012-12-13 12:30:24] EDIT tgmonitor/controllers/default.py: 0
[2012-12-13 12:30:55] EDIT tgmonitor/controllers/default.py: 0
[2012-12-13 12:33:55] EDIT tgmonitor/controllers/default.py: -1
[2012-12-13 12:34:40] EDIT tgmonitor/controllers/default.py: 0
[2012-12-13 12:35:11] EDIT tgmonitor/controllers/default.py: 2
[2012-12-13 12:38:08] EDIT tgmonitor/controllers/default.py: -3
[2012-12-13 12:38:24] EDIT tgmonitor/views/default/monitor.html: 1
[2012-12-13 12:38:56] EDIT tgmonitor/controllers/default.py: 0
[2012-12-13 12:40:59] EDIT tgmonitor/controllers/default.py: 3
[2012-12-13 12:41:10] EDIT tgmonitor/views/default/monitor.html: 1
[2012-12-13 12:45:02] EDIT tgmonitor/controllers/default.py: 1
[2012-12-13 12:45:18] EDIT tgmonitor/controllers/default.py: 0
[2012-12-13 12:47:30] EDIT tgmonitor/controllers/default.py: 0
[2012-12-13 12:48:05] EDIT tgmonitor/controllers/default.py: 0
[2012-12-13 12:48:45] EDIT tgmonitor/controllers/default.py: 0
[2012-12-13 12:50:29] EDIT tgmonitor/controllers/default.py: 2
[2012-12-13 12:50:56] EDIT tgmonitor/controllers/default.py: 0
[2012-12-13 12:51:32] EDIT tgmonitor/controllers/default.py: 0
[2012-12-13 13:00:13] EDIT tgmonitor/controllers/default.py: 6
[2012-12-13 13:01:02] EDIT tgmonitor/controllers/default.py: 0
[2012-12-13 13:02:03] EDIT tgmonitor/controllers/default.py: 0
[2012-12-13 13:02:41] EDIT tgmonitor/controllers/default.py: -7
[2012-12-13 13:02:56] EDIT tgmonitor/controllers/default.py: 0
[2012-12-13 13:03:32] EDIT tgmonitor/controllers/default.py: 7
[2012-12-13 13:05:15] EDIT tgmonitor/controllers/default.py: 5
[2012-12-13 13:05:30] EDIT tgmonitor/controllers/default.py: 0
[2012-12-13 13:06:14] EDIT tgmonitor/controllers/default.py: 0
[2012-12-13 13:07:15] EDIT tgmonitor/controllers/default.py: 2
[2012-12-13 13:09:13] EDIT tgmonitor/controllers/default.py: 0
[2012-12-13 13:20:29] EDIT tgmonitor/models/db.py: 0
[2012-12-13 13:23:34] EDIT tgmonitor/views/default/index.html: 2
[2012-12-13 13:25:18] EDIT tgmonitor/views/default/index.html: 0
[2012-12-13 13:27:57] EDIT tgmonitor/views/default/index.html: 3
[2012-12-13 13:32:08] EDIT tgmonitor/views/default/index.html: 6
[2012-12-13 13:36:10] EDIT tgmonitor/views/default/index.html: 3
[2012-12-13 13:41:01] EDIT tgmonitor/views/default/index.html: 6
[2012-12-13 13:45:29] EDIT tgmonitor/views/default/index.html: 1
[2012-12-13 13:46:04] EDIT tgmonitor/views/default/index.html: 0
[2012-12-13 13:46:45] EDIT tgmonitor/views/default/index.html: 6
[2012-12-13 14:38:24] EDIT tgmonitor/views/default/index.html: 0
[2012-12-13 14:39:12] EDIT tgmonitor/views/default/index.html: 4
[2012-12-13 14:42:28] EDIT tgmonitor/views/default/index.html: 0
[2012-12-13 15:05:13] EDIT tgmonitor/views/default/index.html: 0
[2012-12-13 15:14:12] EDIT tgmonitor/views/default/index.html: 3
[2012-12-13 15:14:58] EDIT tgmonitor/views/default/index.html: 1
[2012-12-13 15:15:13] EDIT tgmonitor/views/default/index.html: 0
[2012-12-13 15:15:31] EDIT tgmonitor/views/default/index.html: 2
[2012-12-13 15:15:47] EDIT tgmonitor/views/default/index.html: -1
[2012-12-13 15:42:20] EDIT tgmonitor/views/default/index.html: 1
[2012-12-13 16:25:18] EDIT tgmonitor/views/default/index.html: 1
[2012-12-13 16:32:41] EDIT tgmonitor/views/default/index.html: 2
[2012-12-13 16:33:04] EDIT tgmonitor/views/default/index.html: 0
[2012-12-13 16:35:29] EDIT tgmonitor/views/default/index.html: -1
[2012-12-13 16:47:54] EDIT tgmonitor/models/db.py: 1
[2012-12-13 16:49:43] EDIT tgmonitor/views/default/index.html: 0
[2012-12-13 16:51:01] EDIT tgmonitor/models/db.py: 0
[2012-12-13 17:00:01] EDIT tgmonitor/controllers/default.py: 6
[2012-12-13 17:01:10] EDIT tgmonitor/controllers/default.py: 0
[2012-12-13 17:01:30] CREATE default/test.html: 0
[2012-12-13 17:01:42] EDIT tgmonitor/views/default/test.html: 1
[2012-12-13 17:02:50] EDIT tgmonitor/controllers/default.py: 0
[2012-12-13 17:03:01] EDIT tgmonitor/controllers/default.py: 0
[2012-12-13 17:10:15] EDIT tgmonitor/controllers/default.py: 1
[2012-12-13 17:10:38] EDIT tgmonitor/controllers/default.py: 0
[2012-12-13 17:11:21] EDIT tgmonitor/controllers/default.py: 0
[2012-12-13 17:11:38] EDIT tgmonitor/controllers/default.py: 0
[2012-12-13 17:12:21] EDIT tgmonitor/controllers/default.py: 1
[2012-12-13 17:12:57] EDIT tgmonitor/controllers/default.py: -1
[2012-12-13 17:14:02] EDIT tgmonitor/controllers/default.py: 1
[2012-12-13 17:14:16] EDIT tgmonitor/views/default/test.html: 1
[2012-12-13 17:14:58] EDIT tgmonitor/controllers/default.py: 0
[2012-12-13 17:15:35] EDIT tgmonitor/controllers/default.py: 0
[2012-12-13 17:17:35] EDIT tgmonitor/controllers/default.py: 0
[2012-12-13 17:18:06] EDIT tgmonitor/controllers/default.py: 0
[2012-12-13 17:18:26] EDIT tgmonitor/controllers/default.py: 0
[2012-12-13 17:19:56] EDIT tgmonitor/controllers/default.py: 2
[2012-12-13 17:20:08] EDIT tgmonitor/controllers/default.py: 0
[2012-12-13 17:20:59] EDIT tgmonitor/controllers/default.py: 1
[2012-12-13 17:24:06] EDIT tgmonitor/controllers/default.py: 0
[2012-12-13 17:24:17] EDIT tgmonitor/controllers/default.py: 0
[2012-12-13 17:25:57] EDIT tgmonitor/controllers/default.py: 0
[2012-12-13 17:36:48] EDIT tgmonitor/controllers/default.py: 0
[2012-12-13 17:37:08] EDIT tgmonitor/controllers/default.py: 0
[2012-12-13 17:42:34] EDIT tgmonitor/controllers/default.py: 0
[2012-12-13 17:43:31] EDIT tgmonitor/views/default/test.html: 22
[2012-12-13 17:44:23] EDIT tgmonitor/views/default/test.html: 0
[2012-12-13 17:44:39] EDIT tgmonitor/views/default/test.html: 0
[2012-12-13 17:45:33] EDIT tgmonitor/controllers/default.py: 7
[2012-12-13 17:46:17] EDIT tgmonitor/views/default/test.html: 0
[2012-12-13 17:46:36] EDIT tgmonitor/views/default/test.html: 0
[2012-12-13 17:48:16] EDIT tgmonitor/controllers/default.py: -7
[2012-12-13 17:48:40] EDIT tgmonitor/views/default/test.html: 1
[2012-12-13 17:49:43] EDIT tgmonitor/views/default/test.html: 0
[2012-12-13 17:50:08] EDIT tgmonitor/controllers/default.py: 0
[2012-12-13 17:51:59] EDIT tgmonitor/controllers/default.py: 1
[2012-12-13 17:54:34] EDIT tgmonitor/controllers/default.py: 0
[2012-12-13 17:55:13] EDIT tgmonitor/controllers/default.py: 0
[2012-12-13 17:56:41] EDIT tgmonitor/controllers/default.py: 1
[2012-12-13 17:57:17] EDIT tgmonitor/controllers/default.py: 0
[2012-12-13 17:58:53] EDIT tgmonitor/controllers/default.py: 6
[2012-12-13 18:00:02] EDIT tgmonitor/controllers/default.py: 1
[2012-12-13 18:00:09] EDIT tgmonitor/controllers/default.py: 0
[2012-12-13 18:01:06] EDIT tgmonitor/controllers/default.py: 0
[2012-12-13 18:02:15] EDIT tgmonitor/controllers/default.py: 0
[2012-12-13 18:03:24] EDIT tgmonitor/controllers/default.py: 3
[2012-12-13 18:03:41] EDIT tgmonitor/controllers/default.py: 0
[2012-12-13 18:04:27] EDIT tgmonitor/controllers/default.py: 3
[2012-12-13 18:05:42] EDIT tgmonitor/controllers/default.py: -13
[2012-12-13 18:06:22] EDIT tgmonitor/views/default/monitor.html: -1
[2012-12-13 18:12:07] EDIT tgmonitor/views/default/monitor.html: 0
[2012-12-14 10:09:12] EDIT tgmonitor/views/layout.html: 0
[2012-12-14 15:26:10] EDIT tgmonitor/views/default/monitor.html: 1
[2012-12-14 15:26:44] EDIT tgmonitor/views/default/monitor.html: 1
[2012-12-14 15:26:50] EDIT tgmonitor/views/default/monitor.html: 0
[2012-12-14 15:27:26] EDIT tgmonitor/views/default/monitor.html: 0
[2012-12-14 15:29:03] EDIT tgmonitor/views/default/monitor.html: -1
[2012-12-24 15:21:38] EDIT tgmonitor/views/default/monitor.html: 0
[2012-12-24 15:21:51] EDIT tgmonitor/views/default/monitor.html: 0
[2012-12-24 15:26:57] EDIT tgmonitor/views/default/monitor.html: 0
[2012-12-24 15:53:19] EDIT tgmonitor/controllers/default.py: 44
[2012-12-24 15:53:40] CREATE default/monitor4.html: 0
[2012-12-24 15:54:10] EDIT tgmonitor/views/default/monitor4.html: 26
[2012-12-24 16:36:39] EDIT tgmonitor/views/default/monitor4.html: -1
[2012-12-24 16:36:56] EDIT tgmonitor/views/default/monitor4.html: -1
[2012-12-24 16:37:38] EDIT tgmonitor/views/default/monitor4.html: -1
[2012-12-24 16:37:45] EDIT tgmonitor/views/default/monitor4.html: 1
[2012-12-24 16:39:59] EDIT tgmonitor/controllers/default.py: 0
[2012-12-24 16:40:07] EDIT tgmonitor/views/default/monitor4.html: 0
[2012-12-24 17:04:59] EDIT tgmonitor/views/default/monitor4.html: 0
[2012-12-24 17:06:49] EDIT tgmonitor/views/default/index.html: 2
[2012-12-24 17:08:26] EDIT tgmonitor/views/default/index.html: 1
[2012-12-24 17:10:03] EDIT tgmonitor/views/default/index.html: 0
[2012-12-24 17:10:20] EDIT tgmonitor/views/layout.html: 0
[2012-12-24 17:10:58] EDIT tgmonitor/views/layout.html: 0
[2012-12-24 17:13:13] EDIT tgmonitor/views/layout.html: -1
[2012-12-24 17:16:14] EDIT tgmonitor/models/menu.py: 1
[2012-12-24 17:16:43] EDIT tgmonitor/models/menu.py: 0
[2012-12-24 17:36:52] EDIT tgmonitor/views/default/index.html: 0
[2012-12-24 17:42:32] EDIT tgmonitor/models/menu.py: 0
[2012-12-24 17:43:43] EDIT tgmonitor/models/menu.py: 0
[2012-12-24 17:44:07] EDIT tgmonitor/models/menu.py: 0
[2012-12-24 17:50:05] EDIT tgmonitor/models/menu.py: -69
[2012-12-24 17:50:51] EDIT tgmonitor/models/menu.py: 0
[2012-12-24 17:56:27] EDIT tgmonitor/views/layout.html: 0
[2012-12-24 17:57:41] EDIT tgmonitor/views/layout.html: 0
[2012-12-24 17:58:13] EDIT tgmonitor/views/layout.html: 0
[2012-12-24 17:58:39] EDIT tgmonitor/views/layout.html: 0
[2012-12-24 17:58:46] EDIT tgmonitor/views/layout.html: 0
[2012-12-24 18:00:07] EDIT tgmonitor/views/layout.html: 0
[2012-12-24 18:01:42] EDIT tgmonitor/views/layout.html: 0
[2012-12-24 18:02:34] EDIT tgmonitor/views/layout.html: 0
[2012-12-24 18:03:13] EDIT tgmonitor/views/layout.html: 0
[2012-12-24 18:06:11] EDIT tgmonitor/views/layout.html: 0
[2012-12-24 18:12:53] EDIT tgmonitor/views/default/index.html: 0
[2012-12-24 18:23:53] EDIT tgmonitor/models/db.py: -1
[2012-12-26 15:29:22] EDIT tgmonitor/views/default/index.html: 1
[2012-12-26 15:29:39] EDIT tgmonitor/views/default/index.html: 0
[2012-12-26 16:32:24] EDIT tgmonitor/models/db.py: 0
[2012-12-26 16:39:44] EDIT tgmonitor/models/db.py: 0
[2012-12-27 13:26:15] EDIT tgmonitor/models/db.py: 5
[2012-12-27 14:32:57] EDIT tgmonitor/models/db.py: 1
[2012-12-27 14:33:04] EDIT tgmonitor/models/db.py: 0
[2012-12-27 14:33:26] EDIT tgmonitor/models/db.py: 0
[2012-12-27 14:33:31] EDIT tgmonitor/models/db.py: 0
[2012-12-27 14:33:39] EDIT tgmonitor/models/db.py: 0
[2012-12-27 14:34:31] EDIT tgmonitor/models/db.py: 0
[2012-12-27 14:36:13] EDIT tgmonitor/models/db.py: 0
[2012-12-27 15:51:34] EDIT tgmonitor/models/db.py: 0
[2012-12-27 15:53:21] EDIT tgmonitor/controllers/default.py: 1
[2012-12-27 15:53:38] EDIT tgmonitor/views/default/config.html: 1
[2012-12-27 15:57:34] EDIT tgmonitor/views/default/config.html: 1
[2012-12-27 15:58:05] EDIT tgmonitor/models/db.py: -1
[2012-12-27 15:59:09] EDIT tgmonitor/controllers/default.py: 0
[2012-12-27 16:00:09] EDIT tgmonitor/controllers/default.py: 0
[2012-12-27 16:04:28] EDIT tgmonitor/controllers/default.py: 0
[2012-12-27 16:07:54] EDIT tgmonitor/controllers/default.py: 0
[2012-12-27 16:08:19] EDIT tgmonitor/controllers/default.py: 0
[2012-12-27 16:08:39] EDIT tgmonitor/controllers/default.py: 0
[2012-12-27 16:09:10] EDIT tgmonitor/controllers/default.py: 0
[2012-12-27 16:13:10] EDIT tgmonitor/controllers/default.py: 0
[2012-12-27 16:14:23] EDIT tgmonitor/controllers/default.py: 0
[2012-12-27 16:15:00] EDIT tgmonitor/controllers/default.py: 0
[2012-12-27 16:26:48] EDIT tgmonitor/controllers/default.py: 0
[2012-12-27 16:27:12] EDIT tgmonitor/views/default/config.html: -1
[2012-12-27 16:27:20] EDIT tgmonitor/views/default/config.html: 0
[2012-12-27 16:28:14] EDIT tgmonitor/views/default/config.html: 1
[2012-12-27 16:28:59] EDIT tgmonitor/controllers/default.py: 0
[2012-12-27 16:31:17] EDIT tgmonitor/controllers/default.py: 2
[2012-12-27 16:31:28] CREATE default/group_description.html: 0
[2012-12-27 16:32:02] EDIT tgmonitor/views/default/group_description.html: 0
[2012-12-27 16:33:29] EDIT tgmonitor/controllers/default.py: 0
[2012-12-27 16:33:39] DELETE tgmonitor/views/default/group_description.html: -3
[2012-12-27 16:33:59] CREATE default/description.html: 0
[2012-12-27 16:34:08] EDIT tgmonitor/views/default/description.html: 0
[2012-12-27 16:34:35] EDIT tgmonitor/views/default/description.html: 0
[2012-12-27 16:36:26] EDIT tgmonitor/views/default/config.html: -2
[2012-12-27 16:44:09] EDIT tgmonitor/controllers/default.py: 5
[2012-12-27 16:44:33] EDIT tgmonitor/controllers/default.py: 0
[2012-12-27 16:46:06] EDIT tgmonitor/controllers/default.py: 0
[2012-12-27 16:49:06] EDIT tgmonitor/controllers/default.py: 1
[2012-12-27 16:53:51] EDIT tgmonitor/controllers/default.py: 0
[2012-12-27 16:54:25] EDIT tgmonitor/controllers/default.py: 0
[2012-12-27 16:55:59] EDIT tgmonitor/controllers/default.py: 0
[2012-12-27 16:57:54] EDIT tgmonitor/controllers/default.py: 0
[2012-12-27 17:00:39] EDIT tgmonitor/controllers/default.py: -2
[2012-12-27 17:00:56] EDIT tgmonitor/controllers/default.py: 0
[2012-12-27 17:03:33] EDIT tgmonitor/controllers/default.py: 7
[2012-12-27 17:05:10] EDIT tgmonitor/controllers/default.py: 0
[2012-12-27 17:05:48] EDIT tgmonitor/controllers/default.py: -1
[2012-12-27 17:06:17] EDIT tgmonitor/controllers/default.py: 0
[2012-12-27 17:07:15] EDIT tgmonitor/controllers/default.py: 1
[2012-12-27 17:07:28] EDIT tgmonitor/controllers/default.py: -1
[2012-12-27 17:07:56] EDIT tgmonitor/controllers/default.py: 1
[2012-12-27 17:10:53] EDIT tgmonitor/controllers/default.py: -2
[2012-12-27 17:14:04] EDIT tgmonitor/models/menu.py: 1
[2012-12-27 17:14:46] EDIT tgmonitor/models/menu.py: 0
[2012-12-27 17:15:48] EDIT tgmonitor/models/db.py: 0
[2012-12-27 17:19:35] EDIT tgmonitor/views/default/index.html: 3
[2012-12-27 17:21:50] EDIT tgmonitor/views/default/description.html: 2
[2012-12-27 17:22:23] EDIT tgmonitor/views/default/description.html: 0
[2012-12-27 17:22:30] EDIT tgmonitor/views/default/description.html: 0
[2012-12-27 17:22:50] EDIT tgmonitor/views/default/description.html: 0
[2012-12-27 17:27:53] EDIT tgmonitor/views/layout.html: 0
[2012-12-27 17:28:26] EDIT tgmonitor/views/layout.html: -3
[2012-12-27 17:29:59] EDIT tgmonitor/controllers/default.py: 0
[2012-12-27 17:30:17] EDIT tgmonitor/controllers/default.py: 0
[2012-12-27 18:18:10] EDIT tgmonitor/views/default/monitor.html: 1
[2012-12-28 10:08:00] EDIT tgmonitor/controllers/default.py: 1
[2012-12-28 10:08:33] EDIT tgmonitor/controllers/default.py: 0
[2012-12-28 10:10:03] EDIT tgmonitor/controllers/default.py: 1
[2012-12-28 10:11:00] EDIT tgmonitor/controllers/default.py: 2
[2012-12-28 10:11:33] EDIT tgmonitor/controllers/default.py: 1
[2012-12-28 10:12:16] EDIT tgmonitor/controllers/default.py: 3
[2012-12-28 10:19:01] EDIT tgmonitor/controllers/default.py: 1
[2012-12-28 10:19:35] EDIT tgmonitor/controllers/default.py: 0
[2012-12-28 10:19:49] EDIT tgmonitor/controllers/default.py: 0
[2012-12-28 10:19:53] EDIT tgmonitor/controllers/default.py: 0
[2012-12-28 10:20:31] EDIT tgmonitor/controllers/default.py: 0
[2012-12-28 10:20:36] EDIT tgmonitor/controllers/default.py: 0
[2012-12-28 10:22:29] EDIT tgmonitor/views/default/index.html: 1
[2012-12-28 10:28:06] EDIT tgmonitor/controllers/default.py: 1
[2012-12-28 10:28:28] EDIT tgmonitor/controllers/default.py: 0
[2012-12-28 11:05:44] EDIT tgmonitor/controllers/default.py: 1
[2012-12-28 11:07:10] EDIT tgmonitor/controllers/default.py: 0
[2012-12-28 11:08:10] EDIT tgmonitor/controllers/default.py: 0
[2012-12-28 11:09:05] EDIT tgmonitor/controllers/default.py: 0
[2012-12-28 11:10:08] EDIT tgmonitor/controllers/default.py: 0
[2012-12-28 11:10:35] EDIT tgmonitor/controllers/default.py: 0
[2012-12-28 11:11:01] EDIT tgmonitor/controllers/default.py: 0
[2012-12-28 11:12:05] EDIT tgmonitor/controllers/default.py: 1
[2012-12-28 11:12:33] EDIT tgmonitor/controllers/default.py: 0
[2012-12-28 11:14:11] EDIT tgmonitor/controllers/default.py: 0
[2012-12-28 11:17:22] EDIT tgmonitor/controllers/default.py: 0
[2012-12-28 11:19:15] EDIT tgmonitor/controllers/default.py: 0
[2012-12-28 11:19:39] EDIT tgmonitor/controllers/default.py: 0
[2012-12-28 11:20:43] EDIT tgmonitor/controllers/default.py: 1
[2012-12-28 11:21:39] EDIT tgmonitor/controllers/default.py: 1
[2012-12-28 11:22:12] EDIT tgmonitor/views/default/monitor.html: -1
[2012-12-28 11:22:46] EDIT tgmonitor/views/default/monitor.html: -2
[2012-12-28 11:23:05] EDIT tgmonitor/views/default/monitor.html: -3
[2012-12-28 11:23:13] EDIT tgmonitor/views/default/monitor.html: 3
[2012-12-28 11:33:26] EDIT tgmonitor/views/layout.html: -2
[2012-12-28 11:34:17] EDIT tgmonitor/views/default/index.html: 1
[2012-12-28 11:34:52] EDIT tgmonitor/views/default/index.html: 1
[2012-12-28 11:48:29] EDIT tgmonitor/controllers/default.py: 4
[2012-12-28 11:48:48] EDIT tgmonitor/controllers/default.py: 0
[2012-12-28 11:49:11] EDIT tgmonitor/controllers/default.py: 0
[2012-12-28 11:50:26] EDIT tgmonitor/views/default/index.html: 1
[2012-12-28 12:04:47] EDIT tgmonitor/controllers/default.py: 3
[2012-12-28 12:05:36] EDIT tgmonitor/controllers/default.py: 0
[2012-12-28 12:07:32] EDIT tgmonitor/controllers/default.py: 3
[2012-12-28 12:08:22] EDIT tgmonitor/controllers/default.py: 0
[2012-12-28 12:08:53] EDIT tgmonitor/controllers/default.py: 0
[2012-12-28 12:09:19] EDIT tgmonitor/controllers/default.py: 0
[2012-12-28 15:36:45] EDIT tgmonitor/views/default/index.html: 1
[2012-12-28 15:37:27] EDIT tgmonitor/views/default/index.html: 0
[2012-12-28 15:38:57] EDIT tgmonitor/views/default/index.html: 0
[2012-12-28 15:39:41] EDIT tgmonitor/views/default/index.html: -2
[2012-12-28 15:40:17] EDIT tgmonitor/views/default/index.html: 0
[2012-12-28 15:41:03] EDIT tgmonitor/views/default/index.html: 0
[2012-12-28 15:41:14] EDIT tgmonitor/views/default/index.html: 1
[2012-12-28 15:43:16] EDIT tgmonitor/views/default/index.html: 0
[2012-12-28 15:44:41] EDIT tgmonitor/views/default/index.html: 1
[2012-12-28 15:47:59] EDIT tgmonitor/models/db.py: 0
[2012-12-28 15:51:41] EDIT tgmonitor/models/db.py: 0
[2012-12-28 15:51:58] EDIT tgmonitor/models/db.py: 0
[2012-12-28 15:53:07] EDIT tgmonitor/models/db.py: 0
[2012-12-28 15:53:59] EDIT tgmonitor/models/db.py: 1
[2012-12-28 15:56:04] EDIT tgmonitor/models/db.py: 1
[2012-12-28 15:56:33] EDIT tgmonitor/models/db.py: 0
[2012-12-28 15:57:14] EDIT tgmonitor/models/db.py: 0
[2013-01-10 17:11:16] EDIT tgmonitor/controllers/default.py: 0
[2013-01-10 17:12:23] EDIT tgmonitor/controllers/default.py: 0
[2013-01-10 17:19:55] EDIT tgmonitor/controllers/default.py: 0
[2013-01-10 17:22:56] EDIT tgmonitor/views/layout.html: 0
[2013-01-10 18:08:11] EDIT tgmonitor/views/default/index.html: 1
[2013-01-10 18:11:35] EDIT tgmonitor/views/default/index.html: -9
[2013-01-10 18:12:00] EDIT tgmonitor/views/default/index.html: 0
[2013-01-10 18:13:20] EDIT tgmonitor/views/default/index.html: 1
[2013-01-10 18:17:26] EDIT tgmonitor/models/db.py: 0
[2013-01-10 18:20:59] EDIT tgmonitor/controllers/default.py: 1
[2013-01-10 18:23:10] EDIT tgmonitor/controllers/default.py: 13
[2013-01-10 18:24:18] EDIT tgmonitor/controllers/default.py: 12
[2013-01-10 18:25:14] EDIT tgmonitor/controllers/default.py: 12
[2013-01-10 18:30:23] EDIT tgmonitor/views/default/index.html: 0
[2013-01-10 18:34:30] EDIT tgmonitor/views/default/index.html: 0
[2013-01-10 18:47:54] EDIT tgmonitor/views/default/config.html: 1
[2013-01-10 18:50:46] EDIT tgmonitor/views/default/config.html: 1
[2013-01-14 11:06:09] EDIT tgmonitor/controllers/default.py: 0
[2013-01-14 11:20:04] EDIT tgmonitor/controllers/default.py: 1
[2013-01-14 11:21:55] EDIT tgmonitor/controllers/default.py: 1
[2013-01-14 11:22:28] EDIT tgmonitor/controllers/default.py: 0
[2013-01-14 11:47:38] EDIT tgmonitor/controllers/default.py: -1
[2013-01-14 11:48:44] EDIT tgmonitor/controllers/default.py: 0
[2013-01-14 11:49:36] EDIT tgmonitor/controllers/default.py: 0
[2013-01-14 11:50:21] EDIT tgmonitor/controllers/default.py: 0
[2013-01-14 11:50:48] EDIT tgmonitor/controllers/default.py: 0
[2013-01-14 11:51:40] EDIT tgmonitor/controllers/default.py: 0
[2013-01-14 11:52:26] EDIT tgmonitor/controllers/default.py: 0
[2013-01-15 11:31:38] EDIT tgmonitor/models/db.py: 0
[2013-01-15 11:40:46] EDIT tgmonitor/models/db.py: -1
[2013-01-21 11:06:46] EDIT tgmonitor/controllers/default.py: 9
[2013-01-21 11:07:10] EDIT tgmonitor/controllers/default.py: 9
[2013-01-21 11:07:32] EDIT tgmonitor/controllers/default.py: 9
[2013-01-21 11:25:57] EDIT tgmonitor/controllers/default.py: 4
[2013-01-21 11:26:13] CREATE default/logs.html: 0
[2013-01-21 11:26:31] EDIT tgmonitor/views/default/logs.html: 1
[2013-01-21 11:27:17] EDIT tgmonitor/views/default/logs.html: 0
[2013-01-21 11:27:28] EDIT tgmonitor/controllers/default.py: 0
[2013-01-21 11:28:57] EDIT tgmonitor/controllers/default.py: 0
[2013-01-21 11:30:55] EDIT tgmonitor/controllers/default.py: 5
[2013-01-21 11:31:15] EDIT tgmonitor/controllers/default.py: 0
[2013-01-21 11:32:39] EDIT tgmonitor/controllers/default.py: 5
[2013-01-21 11:33:31] EDIT tgmonitor/controllers/default.py: 0
[2013-01-21 11:34:16] EDIT tgmonitor/controllers/default.py: 0
[2013-01-21 11:34:59] EDIT tgmonitor/controllers/default.py: -14
[2013-01-21 11:36:12] DELETE tgmonitor/views/default/logs.html: -4
